[36mvite v5.4.21 [32mbuilding for production...[36m[39m
transforming...
[32m[39m 1021 modules transformed.
node.exe : [31mx[39m 
Build failed in 6.89s
No linha:1 caractere:1
+ & "C:\Program 
Files\nodejs/node.exe" 
"C:\Program 
Files\nodejs/node_mo 
...
+ ~~~~~~~~~~~~~~~~~~~~~
~~~~~~~~~~~~~~~~~~~~~~~
~~~~~~~~~~~~~~~~~~~~~~~
~~
    + CategoryInfo     
         : NotSpecifi  
  ed: ([31mx[39m B   
 uild failed in 6.8    
9s:String) [], Rem    
oteException
    + FullyQualifiedEr 
   rorId : NativeComm  
  andError
 
[31merror during 
build:
[31mCould not resolve 
"./icons/youtube.js" 
from "node_modules/luci
de-react/dist/esm/lucid
e-react.js"[31m
file: 
[36mC:/Users/Mansur Re
gulo/Downloads/Menstrux
/node_modules/lucide-re
act/dist/esm/lucide-rea
ct.js[31m
    at getRollupError (
file:///C:/Users/Mansur
%20Regulo/Downloads/Men
strux/node_modules/roll
up/dist/es/shared/parse
Ast.js:406:41)
    at error (file:///C
:/Users/Mansur%20Regulo
/Downloads/Menstrux/nod
e_modules/rollup/dist/e
s/shared/parseAst.js:40
2:42)
    at ModuleLoader.han
dleInvalidResolvedId (f
ile:///C:/Users/Mansur%
20Regulo/Downloads/Mens
trux/node_modules/rollu
p/dist/es/shared/node-e
ntry.js:22106:24)
    at file:///C:/Users
/Mansur%20Regulo/Downlo
ads/Menstrux/node_modul
es/rollup/dist/es/share
d/node-entry.js:22066:2
6[39m
